{
  "stats": {
    "suites": 3,
    "tests": 3,
    "passes": 3,
    "pending": 0,
    "failures": 0,
    "start": "2022-11-18T13:14:29.275Z",
    "end": "2022-11-18T13:14:30.645Z",
    "duration": 1370,
    "testsRegistered": 3,
    "passPercent": 100,
    "pendingPercent": 0,
    "other": 0,
    "hasOther": false,
    "skipped": 0,
    "hasSkipped": false
  },
  "results": [
    {
      "uuid": "d428ceda-f796-49e3-9e8d-6c3b0cc8ec5e",
      "title": "",
      "fullFile": "",
      "file": "",
      "beforeHooks": [],
      "afterHooks": [],
      "tests": [],
      "suites": [
        {
          "uuid": "7253c6fc-5d48-4194-9d07-5ff5667b099d",
          "title": "POST /users",
          "fullFile": "/Users/user/Documents/Coding Latihan/apiAutomationLive01/api/test/createUser.js",
          "file": "/api/test/createUser.js",
          "beforeHooks": [],
          "afterHooks": [],
          "tests": [
            {
              "title": "create new user",
              "fullTitle": "POST /users create new user",
              "timedOut": false,
              "duration": 608,
              "state": "passed",
              "speed": "slow",
              "pass": true,
              "fail": false,
              "pending": false,
              "context": null,
              "code": "const response = await request\n    .post(\"/users\")\n    .send({\n        \"name\" : USER_DATA.name,\n        \"job\" : USER_DATA.job\n    });\nexpect(response.status).to.eql(201);\nexpect(response.body.name).to.eql(USER_DATA.name);\nexpect(response.body.job).to.eql(USER_DATA.job);",
              "err": {},
              "uuid": "6dc552e1-a7b0-47d4-a21b-435ff14258c0",
              "parentUUID": "7253c6fc-5d48-4194-9d07-5ff5667b099d",
              "isHook": false,
              "skipped": false
            }
          ],
          "suites": [],
          "passes": [
            "6dc552e1-a7b0-47d4-a21b-435ff14258c0"
          ],
          "failures": [],
          "pending": [],
          "skipped": [],
          "duration": 608,
          "root": false,
          "rootEmpty": false,
          "_timeout": 2000
        },
        {
          "uuid": "19a97e27-6860-453a-a6f9-40154eac1d7c",
          "title": "GET /users",
          "fullFile": "/Users/user/Documents/Coding Latihan/apiAutomationLive01/api/test/getUser.js",
          "file": "/api/test/getUser.js",
          "beforeHooks": [],
          "afterHooks": [],
          "tests": [
            {
              "title": "returns all users",
              "fullTitle": "GET /users returns all users",
              "timedOut": false,
              "duration": 158,
              "state": "passed",
              "speed": "slow",
              "pass": true,
              "fail": false,
              "pending": false,
              "context": null,
              "code": "const response = await request.get(\"/users\");\nexpect(response.status).to.eql(200);\nexpect(response.body.data.length).to.eql(6);",
              "err": {},
              "uuid": "432c2a29-a7a2-4c8e-816a-bfa913bc863c",
              "parentUUID": "19a97e27-6860-453a-a6f9-40154eac1d7c",
              "isHook": false,
              "skipped": false
            }
          ],
          "suites": [],
          "passes": [
            "432c2a29-a7a2-4c8e-816a-bfa913bc863c"
          ],
          "failures": [],
          "pending": [],
          "skipped": [],
          "duration": 158,
          "root": false,
          "rootEmpty": false,
          "_timeout": 2000
        },
        {
          "uuid": "c93f5f6d-20af-43ca-b0e8-ee6f57bed642",
          "title": "GET /users",
          "fullFile": "/Users/user/Documents/Coding Latihan/apiAutomationLive01/api/test/getWithAuth.js",
          "file": "/api/test/getWithAuth.js",
          "beforeHooks": [],
          "afterHooks": [],
          "tests": [
            {
              "title": "returns all users",
              "fullTitle": "GET /users returns all users",
              "timedOut": false,
              "duration": 594,
              "state": "passed",
              "speed": "slow",
              "pass": true,
              "fail": false,
              "pending": false,
              "context": null,
              "code": "const response = await request\n    .get(\"/users\")\n    .set({Authorization : AUTH});\nexpect(response.status).to.eql(401);",
              "err": {},
              "uuid": "034a139f-5f61-42e0-8ba8-5d338fe277bf",
              "parentUUID": "c93f5f6d-20af-43ca-b0e8-ee6f57bed642",
              "isHook": false,
              "skipped": false
            }
          ],
          "suites": [],
          "passes": [
            "034a139f-5f61-42e0-8ba8-5d338fe277bf"
          ],
          "failures": [],
          "pending": [],
          "skipped": [],
          "duration": 594,
          "root": false,
          "rootEmpty": false,
          "_timeout": 2000
        }
      ],
      "passes": [],
      "failures": [],
      "pending": [],
      "skipped": [],
      "duration": 0,
      "root": true,
      "rootEmpty": true,
      "_timeout": 2000
    }
  ],
  "meta": {
    "mocha": {
      "version": "10.1.0"
    },
    "mochawesome": {
      "options": {
        "quiet": false,
        "reportFilename": "mochawesome",
        "saveHtml": true,
        "saveJson": true,
        "consoleReporter": "spec",
        "useInlineDiffs": false,
        "code": true
      },
      "version": "7.1.3"
    },
    "marge": {
      "options": null,
      "version": "6.2.0"
    }
  }
}